2020-09-20 20:50:39.689  INFO 44040 --- [main] com.neo.Application                      : Starting Application v1.0.0 on 58CU3BNFJ70BG7L with PID 44040 (D:\project\my\dsManager\target\spring-boot-mybatis-annotation-mulidatasource-1.0.0.jar started by Administrator in D:\project\my\dsManager\target)
2020-09-20 20:50:39.695  INFO 44040 --- [main] com.neo.Application                      : No active profile set, falling back to default profiles: default
2020-09-20 20:50:39.930  INFO 44040 --- [main] ationConfigEmbeddedWebApplicationContext : Refreshing org.springframework.boot.context.embedded.AnnotationConfigEmbeddedWebApplicationContext@29104a: startup date [Sun Sep 20 20:50:39 CST 2020]; root of context hierarchy
2020-09-20 20:50:42.033  INFO 44040 --- [main] s.b.c.e.t.TomcatEmbeddedServletContainer : Tomcat initialized with port(s): 8080 (http)
2020-09-20 20:50:42.058  INFO 44040 --- [main] o.apache.catalina.core.StandardService   : Starting service Tomcat
2020-09-20 20:50:42.060  INFO 44040 --- [main] org.apache.catalina.core.StandardEngine  : Starting Servlet Engine: Apache Tomcat/8.5.6
2020-09-20 20:50:42.171  INFO 44040 --- [localhost-startStop-1] o.a.c.c.C.[Tomcat].[localhost].[/]       : Initializing Spring embedded WebApplicationContext
2020-09-20 20:50:42.171  INFO 44040 --- [localhost-startStop-1] o.s.web.context.ContextLoader            : Root WebApplicationContext: initialization completed in 2243 ms
2020-09-20 20:50:42.336  INFO 44040 --- [localhost-startStop-1] o.s.b.w.servlet.ServletRegistrationBean  : Mapping servlet: 'dispatcherServlet' to [/]
2020-09-20 20:50:42.340  INFO 44040 --- [localhost-startStop-1] o.s.b.w.servlet.FilterRegistrationBean   : Mapping filter: 'characterEncodingFilter' to: [/*]
2020-09-20 20:50:42.341  INFO 44040 --- [localhost-startStop-1] o.s.b.w.servlet.FilterRegistrationBean   : Mapping filter: 'hiddenHttpMethodFilter' to: [/*]
2020-09-20 20:50:42.344  INFO 44040 --- [localhost-startStop-1] o.s.b.w.servlet.FilterRegistrationBean   : Mapping filter: 'httpPutFormContentFilter' to: [/*]
2020-09-20 20:50:42.346  INFO 44040 --- [localhost-startStop-1] o.s.b.w.servlet.FilterRegistrationBean   : Mapping filter: 'requestContextFilter' to: [/*]
2020-09-20 20:50:42.413  INFO 44040 --- [main] com.neo.util.DsConfig                    : 开始加载datasource.json文件内容.......
2020-09-20 20:50:42.504  INFO 44040 --- [main] com.neo.util.DsConfig                    : 加载datasource.jsonn文件内容完成...........
2020-09-20 20:50:42.523  INFO 44040 --- [main] com.neo.util.DsConfig                    : datasource.json文件内容：{hdt={"password":"hdt","driverClassName":"oracle.jdbc.driver.OracleDriver","url":"jdbc:oracle:thin:@127.0.0.1:1521/orcl.168.3.5","username":"hdt"}, eafbim={"password":"eafbim","driverClassName":"oracle.jdbc.driver.OracleDriver","url":"jdbc:oracle:thin:@127.0.0.1:1521/orcl.168.3.5","username":"eafbim"}}
2020-09-20 20:50:42.823  INFO 44040 --- [main] s.w.s.m.m.a.RequestMappingHandlerAdapter : Looking for @ControllerAdvice: org.springframework.boot.context.embedded.AnnotationConfigEmbeddedWebApplicationContext@29104a: startup date [Sun Sep 20 20:50:39 CST 2020]; root of context hierarchy
2020-09-20 20:50:42.904  INFO 44040 --- [main] s.w.s.m.m.a.RequestMappingHandlerMapping : Mapped "{[/api/list],methods=[GET]}" onto public java.util.Map<java.lang.String, java.lang.Object> com.neo.web.APIDocController.list(java.util.Map<java.lang.String, java.lang.Object>,java.lang.Integer)
2020-09-20 20:50:42.917  INFO 44040 --- [main] s.w.s.m.m.a.RequestMappingHandlerMapping : Mapped "{[/getDataSourceByName]}" onto public java.util.Map<java.lang.String, java.lang.Object> com.neo.web.DataSourceWeb.getDataSourceByName(java.util.Map<java.lang.String, java.lang.Object>)
2020-09-20 20:50:42.918  INFO 44040 --- [main] s.w.s.m.m.a.RequestMappingHandlerMapping : Mapped "{[/getAllDataSource]}" onto public java.util.Map<java.lang.String, java.lang.Object> com.neo.web.DataSourceWeb.getAllDataSource()
2020-09-20 20:50:42.919  INFO 44040 --- [main] s.w.s.m.m.a.RequestMappingHandlerMapping : Mapped "{[/addDatasource]}" onto public java.util.Map<java.lang.String, java.lang.Object> com.neo.web.DataSourceWeb.addDatasource(java.util.Map<java.lang.String, java.lang.Object>)
2020-09-20 20:50:42.920  INFO 44040 --- [main] s.w.s.m.m.a.RequestMappingHandlerMapping : Mapped "{[/updateDatasource]}" onto public java.util.Map<java.lang.String, java.lang.Object> com.neo.web.DataSourceWeb.updateDatasource(java.util.Map<java.lang.String, java.lang.Object>)
2020-09-20 20:50:42.922  INFO 44040 --- [main] s.w.s.m.m.a.RequestMappingHandlerMapping : Mapped "{[/]}" onto public java.lang.String com.neo.web.TbController.index()
2020-09-20 20:50:42.922  INFO 44040 --- [main] s.w.s.m.m.a.RequestMappingHandlerMapping : Mapped "{[/getTableByDB]}" onto public java.util.Map<java.lang.String, java.lang.Object> com.neo.web.TbController.getTableByDB(java.lang.String,java.lang.String,java.lang.String,java.lang.String,java.lang.String,java.lang.String) throws java.sql.SQLException
2020-09-20 20:50:42.923  INFO 44040 --- [main] s.w.s.m.m.a.RequestMappingHandlerMapping : Mapped "{[/updateOrg]}" onto public java.util.Map<java.lang.String, java.lang.Object> com.neo.web.TbController.updateOrg(java.lang.String,java.lang.String) throws java.lang.Exception
2020-09-20 20:50:42.925  INFO 44040 --- [main] s.w.s.m.m.a.RequestMappingHandlerMapping : Mapped "{[/getTableStruct]}" onto public java.util.Map<java.lang.String, java.lang.Object> com.neo.web.TbController.getTableStruct(java.lang.String,java.lang.String) throws java.sql.SQLException
2020-09-20 20:50:42.931  INFO 44040 --- [main] s.w.s.m.m.a.RequestMappingHandlerMapping : Mapped "{[/getAllByDB]}" onto public java.lang.String com.neo.web.TbController.getAllByDB()
2020-09-20 20:50:42.932  INFO 44040 --- [main] s.w.s.m.m.a.RequestMappingHandlerMapping : Mapped "{[/updateUser]}" onto public java.util.Map<java.lang.String, java.lang.Object> com.neo.web.TbController.updateUser() throws java.lang.Exception
2020-09-20 20:50:42.933  INFO 44040 --- [main] s.w.s.m.m.a.RequestMappingHandlerMapping : Mapped "{[/editTableStruct]}" onto public java.util.Map<java.lang.String, java.lang.Object> com.neo.web.TbController.editTableStruct(java.lang.String,java.lang.String,java.lang.String) throws java.sql.SQLException
2020-09-20 20:50:42.933  INFO 44040 --- [main] s.w.s.m.m.a.RequestMappingHandlerMapping : Mapped "{[/updateProj]}" onto public java.util.Map<java.lang.String, java.lang.Object> com.neo.web.TbController.updateProj(java.lang.String,java.lang.String) throws java.lang.Exception
2020-09-20 20:50:42.934  INFO 44040 --- [main] s.w.s.m.m.a.RequestMappingHandlerMapping : Mapped "{[/mergeData]}" onto public java.util.Map<java.lang.String, java.lang.Object> com.neo.web.TbController.mergeData(java.lang.String,java.lang.String) throws java.lang.Exception
2020-09-20 20:50:42.938  INFO 44040 --- [main] s.w.s.m.m.a.RequestMappingHandlerMapping : Mapped "{[/error]}" onto public org.springframework.http.ResponseEntity<java.util.Map<java.lang.String, java.lang.Object>> org.springframework.boot.autoconfigure.web.BasicErrorController.error(javax.servlet.http.HttpServletRequest)
2020-09-20 20:50:42.939  INFO 44040 --- [main] s.w.s.m.m.a.RequestMappingHandlerMapping : Mapped "{[/error],produces=[text/html]}" onto public org.springframework.web.servlet.ModelAndView org.springframework.boot.autoconfigure.web.BasicErrorController.errorHtml(javax.servlet.http.HttpServletRequest,javax.servlet.http.HttpServletResponse)
2020-09-20 20:50:42.975  INFO 44040 --- [main] o.s.w.s.handler.SimpleUrlHandlerMapping  : Mapped URL path [/webjars/**] onto handler of type [class org.springframework.web.servlet.resource.ResourceHttpRequestHandler]
2020-09-20 20:50:42.976  INFO 44040 --- [main] o.s.w.s.handler.SimpleUrlHandlerMapping  : Mapped URL path [/**] onto handler of type [class org.springframework.web.servlet.resource.ResourceHttpRequestHandler]
2020-09-20 20:50:43.023  INFO 44040 --- [main] o.s.w.s.handler.SimpleUrlHandlerMapping  : Mapped URL path [/**/favicon.ico] onto handler of type [class org.springframework.web.servlet.resource.ResourceHttpRequestHandler]
2020-09-20 20:50:43.423  INFO 44040 --- [main] oConfiguration$WelcomePageHandlerMapping : Adding welcome page: class path resource [templates/index.html]
2020-09-20 20:50:43.605  INFO 44040 --- [main] o.s.j.e.a.AnnotationMBeanExporter        : Registering beans for JMX exposure on startup
2020-09-20 20:50:43.665  INFO 44040 --- [main] s.b.c.e.t.TomcatEmbeddedServletContainer : Tomcat started on port(s): 8080 (http)
2020-09-20 20:50:43.670  INFO 44040 --- [main] com.neo.Application                      : Started Application in 4.615 seconds (JVM running for 5.153)
